#
# A fatal error has been detected by the Java Runtime Environment:
#
#  EXCEPTION_ACCESS_VIOLATION (0xc0000005) at pc=0x000000005ebaed2c, pid=7248, tid=0x000000000000179c
#
# JRE version: OpenJDK Runtime Environment (8.0_76-b03) (build 1.8.0_76-release-b03)
# Java VM: OpenJDK 64-Bit Server VM (25.76-b03 mixed mode windows-amd64 compressed oops)
# Problematic frame:
# V  [jvm.dll+0x47ed2c]
#
# Failed to write core dump. Minidumps are not enabled by default on client versions of Windows
#
# If you would like to submit a bug report, please visit:
#   http://bugreport.java.com/bugreport/crash.jsp
#

---------------  T H R E A D  ---------------

Current thread (0x0000000055f7b000):  JavaThread "C2 CompilerThread0" daemon [_thread_in_native, id=6044, stack(0x0000000057a90000,0x0000000057b90000)]

siginfo: ExceptionCode=0xc0000005, reading address 0xffffffffffffffff

Registers:
RAX=0x0000000057b8c850, RBX=0x0000000000000000, RCX=0x070000005c6ff910, RDX=0x0000000000000000
RSP=0x0000000057b8c4b0, RBP=0x000000005cc5cbd0, RSI=0x0000000000000200, RDI=0x0000000057b8c630
R8 =0x0000000000000001, R9 =0x000000005b3a0d20, R10=0x000000005eeea418, R11=0x000000005e730000
R12=0x000000005c15b1b0, R13=0x0000000000000036, R14=0x000000005be1e040, R15=0x000000005cc93510
RIP=0x000000005ebaed2c, EFLAGS=0x0000000000010206

Top of Stack: (sp=0x0000000057b8c4b0)
0x0000000057b8c4b0:   0000000000000d08 0000000000000010
0x0000000057b8c4c0:   0000000000000001 0000000000000000
0x0000000057b8c4d0:   0000000000002560 0000000055f79ed0
0x0000000057b8c4e0:   000000005d047090 00000000003036c0
0x0000000057b8c4f0:   000000005d0470e0 000000005d04f078
0x0000000057b8c500:   000000005ed5f3f8 0000000055f79ed0
0x0000000057b8c510:   0000000000000020 000000005ba56918
0x0000000057b8c520:   0000000057b8c5f0 00000000000003d8
0x0000000057b8c530:   00000000572da1f8 00000000572d9e20
0x0000000057b8c540:   0000000000000000 00000000572d9e10
0x0000000057b8c550:   0000000057b8c670 0000000057b8c8e0
0x0000000057b8c560:   0000000057b8c9f0 000000005eb5ead8
0x0000000057b8c570:   0000000000000001 0000000000000002
0x0000000057b8c580:   00000000000004ad 0000000000000008
0x0000000057b8c590:   0000000000000002 00000000572d9e10
0x0000000057b8c5a0:   000000005b39ff60 000000005b3a18f0 

Instructions: (pc=0x000000005ebaed2c)
0x000000005ebaed0c:   46 18 83 f8 01 0f 86 96 00 00 00 be 08 00 00 00
0x000000005ebaed1c:   44 8d 68 ff 49 8b 46 08 48 8b 0c 06 48 8b 47 38
0x000000005ebaed2c:   8b 51 28 48 8b 48 68 4c 39 24 d1 74 67 48 8b 47
0x000000005ebaed3c:   40 48 63 d2 48 8b 48 18 8b 1c 91 85 db 74 55 48 


Register to memory mapping:

RAX=0x0000000057b8c850 is pointing into the stack for thread: 0x0000000055f7b000
RBX=0x0000000000000000 is an unknown value
RCX=0x070000005c6ff910 is an unknown value
RDX=0x0000000000000000 is an unknown value
RSP=0x0000000057b8c4b0 is pointing into the stack for thread: 0x0000000055f7b000
RBP=0x000000005cc5cbd0 is an unknown value
RSI=0x0000000000000200 is an unknown value
RDI=0x0000000057b8c630 is pointing into the stack for thread: 0x0000000055f7b000
R8 =0x0000000000000001 is an unknown value
R9 =0x000000005b3a0d20 is an unknown value
R10=0x000000005eeea418 is an unknown value
R11=0x000000005e730000 is an unknown value
R12=0x000000005c15b1b0 is an unknown value
R13=0x0000000000000036 is an unknown value
R14=0x000000005be1e040 is an unknown value
R15=0x000000005cc93510 is an unknown value


Stack: [0x0000000057a90000,0x0000000057b90000],  sp=0x0000000057b8c4b0,  free space=1009k
Native frames: (J=compiled Java code, j=interpreted, Vv=VM code, C=native code)
V  [jvm.dll+0x47ed2c]
V  [jvm.dll+0x42ead8]
V  [jvm.dll+0x43931b]
V  [jvm.dll+0x43badf]
V  [jvm.dll+0x41f212]
V  [jvm.dll+0x806e9]
V  [jvm.dll+0x8101f]
V  [jvm.dll+0x21bc14]
V  [jvm.dll+0x26b60a]
C  [msvcr100.dll+0x21d9f]
C  [msvcr100.dll+0x21e3b]
C  [kernel32.dll+0x159cd]
C  [ntdll.dll+0x2a2e1]


Current CompileTask:
C2:   3489 1533   !   4       java.net.URLClassLoader$1::run (63 bytes)


---------------  P R O C E S S  ---------------

Java Threads: ( => current thread )
  0x0000000059259000 JavaThread "File lock request listener" [_thread_in_native, id=4500, stack(0x000000005b1c0000,0x000000005b2c0000)]
  0x0000000059156800 JavaThread "Stdin handler" [_thread_blocked, id=9972, stack(0x000000005abe0000,0x000000005ace0000)]
  0x000000005917d800 JavaThread "Asynchronous log dispatcher for org.gradle.launcher.daemon.server.DefaultDaemonConnection@3e21ffae" [_thread_blocked, id=8068, stack(0x000000005aa70000,0x000000005ab70000)]
  0x0000000059170800 JavaThread "Daemon worker" [_thread_in_Java, id=9284, stack(0x000000005a700000,0x000000005a800000)]
  0x0000000059164800 JavaThread "Cancel handler" [_thread_blocked, id=9132, stack(0x000000005a500000,0x000000005a600000)]
  0x000000005912b800 JavaThread "Handler for socket connection from /127.0.0.1:63945 to /127.0.0.1:63946" [_thread_in_native, id=9500, stack(0x000000005a380000,0x000000005a480000)]
  0x0000000059120000 JavaThread "Daemon" [_thread_blocked, id=9180, stack(0x000000005a150000,0x000000005a250000)]
  0x0000000059082800 JavaThread "pool-1-thread-1" [_thread_blocked, id=10028, stack(0x0000000059fa0000,0x000000005a0a0000)]
  0x00000000590b4800 JavaThread "Incoming local TCP Connector on port 63945" [_thread_in_native, id=8816, stack(0x0000000058aa0000,0x0000000058ba0000)]
  0x0000000057342000 JavaThread "Service Thread" daemon [_thread_blocked, id=9980, stack(0x0000000057ef0000,0x0000000057ff0000)]
  0x00000000572c9000 JavaThread "C1 CompilerThread2" daemon [_thread_in_native, id=6736, stack(0x0000000057c20000,0x0000000057d20000)]
  0x00000000572c7000 JavaThread "C2 CompilerThread1" daemon [_thread_in_native, id=3320, stack(0x0000000057d40000,0x0000000057e40000)]
=>0x0000000055f7b000 JavaThread "C2 CompilerThread0" daemon [_thread_in_native, id=6044, stack(0x0000000057a90000,0x0000000057b90000)]
  0x00000000572ba800 JavaThread "Attach Listener" daemon [_thread_blocked, id=9288, stack(0x0000000057960000,0x0000000057a60000)]
  0x0000000055f79000 JavaThread "Signal Dispatcher" daemon [_thread_blocked, id=9060, stack(0x00000000577b0000,0x00000000578b0000)]
  0x0000000055f56800 JavaThread "Finalizer" daemon [_thread_blocked, id=1632, stack(0x0000000057010000,0x0000000057110000)]
  0x0000000055f0f800 JavaThread "Reference Handler" daemon [_thread_blocked, id=9144, stack(0x00000000571b0000,0x00000000572b0000)]
  0x000000000216e000 JavaThread "main" [_thread_blocked, id=9392, stack(0x00000000023d0000,0x00000000024d0000)]

Other Threads:
  0x0000000055f07800 VMThread [stack: 0x0000000056ed0000,0x0000000056fd0000] [id=6288]
  0x000000005730b800 WatcherThread [stack: 0x0000000058120000,0x0000000058220000] [id=7484]

VM state:not at safepoint (normal execution)

VM Mutex/Monitor currently owned by a thread: None

Heap:
 PSYoungGen      total 38400K, used 12941K [0x00000000e0000000, 0x00000000e4b00000, 0x0000000100000000)
  eden space 33280K, 23% used [0x00000000e0000000,0x00000000e07a96e8,0x00000000e2080000)
  from space 5120K, 99% used [0x00000000e2080000,0x00000000e257a020,0x00000000e2580000)
  to   space 5120K, 0% used [0x00000000e4600000,0x00000000e4600000,0x00000000e4b00000)
 ParOldGen       total 87552K, used 6040K [0x00000000a0000000, 0x00000000a5580000, 0x00000000e0000000)
  object space 87552K, 6% used [0x00000000a0000000,0x00000000a05e6078,0x00000000a5580000)
 Metaspace       used 19838K, capacity 20288K, committed 20480K, reserved 1067008K
  class space    used 2561K, capacity 2712K, committed 2816K, reserved 1048576K

Card table byte_map: [0x0000000011890000,0x0000000011ba0000] byte_map_base: 0x0000000011390000

Marking Bits: (ParMarkBitMap*) 0x000000005eee9d00
 Begin Bits: [0x0000000012280000, 0x0000000013a80000)
 End Bits:   [0x0000000013a80000, 0x0000000015280000)

Polling page: 0x0000000000410000

CodeCache: size=245760Kb used=6631Kb max_used=6631Kb free=239128Kb
 bounds [0x00000000024d0000, 0x0000000002b50000, 0x00000000114d0000]
 total_blobs=2327 nmethods=1703 adapters=537
 compilation: enabled

Compilation events (10 events):
Event: 3.381 Thread 0x00000000572c9000 1698       2       java.util.LinkedList::<init> (10 bytes)
Event: 3.381 Thread 0x00000000572c9000 nmethod 1698 0x0000000002a49dd0 code [0x0000000002a49f20, 0x0000000002a4a070]
Event: 3.381 Thread 0x00000000572c9000 1699       2       java.util.AbstractSequentialList::<init> (5 bytes)
Event: 3.382 Thread 0x00000000572c9000 nmethod 1699 0x0000000002a4a110 code [0x0000000002a4a260, 0x0000000002a4a3b0]
Event: 3.382 Thread 0x00000000572c9000 1701       2       org.codehaus.groovy.reflection.CachedMethod::compareToMethod (125 bytes)
Event: 3.382 Thread 0x00000000572c9000 nmethod 1701 0x0000000002a4a450 code [0x0000000002a4a640, 0x0000000002a4abe8]
Event: 3.382 Thread 0x00000000572c9000 1700       2       org.codehaus.groovy.reflection.CachedMethod$MyComparator::compare (43 bytes)
Event: 3.383 Thread 0x00000000572c9000 nmethod 1700 0x0000000002a4b250 code [0x0000000002a4b420, 0x0000000002a4b8c8]
Event: 3.383 Thread 0x00000000572c9000 1702       1       groovy.lang.MetaProperty::getType (5 bytes)
Event: 3.383 Thread 0x00000000572c9000 nmethod 1702 0x0000000002a4bb90 code [0x0000000002a4bce0, 0x0000000002a4bdf0]

GC Heap History (6 events):
Event: 0.534 GC heap before
{Heap before GC invocations=1 (full 0):
 PSYoungGen      total 38400K, used 33280K [0x00000000e0000000, 0x00000000e2a80000, 0x0000000100000000)
  eden space 33280K, 100% used [0x00000000e0000000,0x00000000e2080000,0x00000000e2080000)
  from space 5120K, 0% used [0x00000000e2580000,0x00000000e2580000,0x00000000e2a80000)
  to   space 5120K, 0% used [0x00000000e2080000,0x00000000e2080000,0x00000000e2580000)
 ParOldGen       total 87552K, used 0K [0x00000000a0000000, 0x00000000a5580000, 0x00000000e0000000)
  object space 87552K, 0% used [0x00000000a0000000,0x00000000a0000000,0x00000000a5580000)
 Metaspace       used 6319K, capacity 6522K, committed 6784K, reserved 1056768K
  class space    used 801K, capacity 834K, committed 896K, reserved 1048576K
Event: 0.552 GC heap after
Heap after GC invocations=1 (full 0):
 PSYoungGen      total 38400K, used 4457K [0x00000000e0000000, 0x00000000e2a80000, 0x0000000100000000)
  eden space 33280K, 0% used [0x00000000e0000000,0x00000000e0000000,0x00000000e2080000)
  from space 5120K, 87% used [0x00000000e2080000,0x00000000e24da490,0x00000000e2580000)
  to   space 5120K, 0% used [0x00000000e2580000,0x00000000e2580000,0x00000000e2a80000)
 ParOldGen       total 87552K, used 16K [0x00000000a0000000, 0x00000000a5580000, 0x00000000e0000000)
  object space 87552K, 0% used [0x00000000a0000000,0x00000000a0004000,0x00000000a5580000)
 Metaspace       used 6319K, capacity 6522K, committed 6784K, reserved 1056768K
  class space    used 801K, capacity 834K, committed 896K, reserved 1048576K
}
Event: 1.582 GC heap before
{Heap before GC invocations=2 (full 0):
 PSYoungGen      total 38400K, used 37737K [0x00000000e0000000, 0x00000000e2a80000, 0x0000000100000000)
  eden space 33280K, 100% used [0x00000000e0000000,0x00000000e2080000,0x00000000e2080000)
  from space 5120K, 87% used [0x00000000e2080000,0x00000000e24da490,0x00000000e2580000)
  to   space 5120K, 0% used [0x00000000e2580000,0x00000000e2580000,0x00000000e2a80000)
 ParOldGen       total 87552K, used 16K [0x00000000a0000000, 0x00000000a5580000, 0x00000000e0000000)
  object space 87552K, 0% used [0x00000000a0000000,0x00000000a0004000,0x00000000a5580000)
 Metaspace       used 12990K, capacity 13414K, committed 13696K, reserved 1060864K
  class space    used 1724K, capacity 1859K, committed 1920K, reserved 1048576K
Event: 1.589 GC heap after
Heap after GC invocations=2 (full 0):
 PSYoungGen      total 38400K, used 5116K [0x00000000e0000000, 0x00000000e2a80000, 0x0000000100000000)
  eden space 33280K, 0% used [0x00000000e0000000,0x00000000e0000000,0x00000000e2080000)
  from space 5120K, 99% used [0x00000000e2580000,0x00000000e2a7f168,0x00000000e2a80000)
  to   space 5120K, 0% used [0x00000000e2080000,0x00000000e2080000,0x00000000e2580000)
 ParOldGen       total 87552K, used 1381K [0x00000000a0000000, 0x00000000a5580000, 0x00000000e0000000)
  object space 87552K, 1% used [0x00000000a0000000,0x00000000a0159440,0x00000000a5580000)
 Metaspace       used 12990K, capacity 13414K, committed 13696K, reserved 1060864K
  class space    used 1724K, capacity 1859K, committed 1920K, reserved 1048576K
}
Event: 3.291 GC heap before
{Heap before GC invocations=3 (full 0):
 PSYoungGen      total 38400K, used 38396K [0x00000000e0000000, 0x00000000e2a80000, 0x0000000100000000)
  eden space 33280K, 100% used [0x00000000e0000000,0x00000000e2080000,0x00000000e2080000)
  from space 5120K, 99% used [0x00000000e2580000,0x00000000e2a7f168,0x00000000e2a80000)
  to   space 5120K, 0% used [0x00000000e2080000,0x00000000e2080000,0x00000000e2580000)
 ParOldGen       total 87552K, used 1381K [0x00000000a0000000, 0x00000000a5580000, 0x00000000e0000000)
  object space 87552K, 1% used [0x00000000a0000000,0x00000000a0159440,0x00000000a5580000)
 Metaspace       used 18974K, capacity 19418K, committed 19584K, reserved 1067008K
  class space    used 2530K, capacity 2678K, committed 2688K, reserved 1048576K
Event: 3.337 GC heap after
Heap after GC invocations=3 (full 0):
 PSYoungGen      total 38400K, used 5096K [0x00000000e0000000, 0x00000000e4b00000, 0x0000000100000000)
  eden space 33280K, 0% used [0x00000000e0000000,0x00000000e0000000,0x00000000e2080000)
  from space 5120K, 99% used [0x00000000e2080000,0x00000000e257a020,0x00000000e2580000)
  to   space 5120K, 0% used [0x00000000e4600000,0x00000000e4600000,0x00000000e4b00000)
 ParOldGen       total 87552K, used 6040K [0x00000000a0000000, 0x00000000a5580000, 0x00000000e0000000)
  object space 87552K, 6% used [0x00000000a0000000,0x00000000a05e6078,0x00000000a5580000)
 Metaspace       used 18974K, capacity 19418K, committed 19584K, reserved 1067008K
  class space    used 2530K, capacity 2678K, committed 2688K, reserved 1048576K
}

Deoptimization events (10 events):
Event: 3.156 Thread 0x0000000059170800 Uncommon trap: reason=unstable_if action=reinterpret pc=0x0000000002700f80 method=java.lang.AbstractStringBuilder.append(Ljava/lang/String;)Ljava/lang/AbstractStringBuilder; @ 1
Event: 3.202 Thread 0x0000000059170800 Uncommon trap: reason=class_check action=maybe_recompile pc=0x0000000002693198 method=java.lang.String.equals(Ljava/lang/Object;)Z @ 8
Event: 3.202 Thread 0x0000000059170800 Uncommon trap: reason=class_check action=maybe_recompile pc=0x0000000002693198 method=java.lang.String.equals(Ljava/lang/Object;)Z @ 8
Event: 3.203 Thread 0x0000000059170800 Uncommon trap: reason=class_check action=maybe_recompile pc=0x0000000002693198 method=java.lang.String.equals(Ljava/lang/Object;)Z @ 8
Event: 3.203 Thread 0x0000000059170800 Uncommon trap: reason=class_check action=maybe_recompile pc=0x0000000002693198 method=java.lang.String.equals(Ljava/lang/Object;)Z @ 8
Event: 3.266 Thread 0x0000000059170800 Uncommon trap: reason=class_check action=maybe_recompile pc=0x0000000002849a8c method=sun.misc.URLClassPath.getLoader(I)Lsun/misc/URLClassPath$Loader; @ 94
Event: 3.266 Thread 0x0000000059170800 Uncommon trap: reason=class_check action=maybe_recompile pc=0x000000000279dadc method=sun.misc.URLClassPath.getResource(Ljava/lang/String;Z)Lsun/misc/Resource; @ 62
Event: 3.339 Thread 0x0000000059170800 Uncommon trap: reason=class_check action=maybe_recompile pc=0x0000000002849bc0 method=sun.misc.URLClassPath.getLoader(I)Lsun/misc/URLClassPath$Loader; @ 193
Event: 3.346 Thread 0x0000000059170800 Uncommon trap: reason=class_check action=maybe_recompile pc=0x0000000002849bc0 method=sun.misc.URLClassPath.getLoader(I)Lsun/misc/URLClassPath$Loader; @ 193
Event: 3.352 Thread 0x0000000059170800 Uncommon trap: reason=class_check action=maybe_recompile pc=0x0000000002849bc0 method=sun.misc.URLClassPath.getLoader(I)Lsun/misc/URLClassPath$Loader; @ 193

Internal exceptions (10 events):
Event: 3.341 Thread 0x0000000059170800 Exception <a 'java/lang/ClassNotFoundException': groovy/lang/ScriptCustomizer> (0x00000000e005dc78) thrown at [C:\src\android\AOSP-openjdk\external\jetbrains\jdk\hotspot\src\share\vm\classfile\systemDictionary.cpp, line 210]
Event: 3.341 Thread 0x0000000059170800 Exception <a 'java/lang/ClassNotFoundException': org/gradle/groovy/scripts/ScriptCustomizer> (0x00000000e0074870) thrown at [C:\src\android\AOSP-openjdk\external\jetbrains\jdk\hotspot\src\share\vm\classfile\systemDictionary.cpp, line 210]
Event: 3.342 Thread 0x0000000059170800 Exception <a 'java/lang/ClassNotFoundException': org/gradle/groovy/scripts/BasicScriptCustomizer> (0x00000000e008c280) thrown at [C:\src\android\AOSP-openjdk\external\jetbrains\jdk\hotspot\src\share\vm\classfile\systemDictionary.cpp, line 210]
Event: 3.342 Thread 0x0000000059170800 Exception <a 'java/lang/ClassNotFoundException': org/gradle/groovy/scripts/DefaultScriptCustomizer> (0x00000000e00a6658) thrown at [C:\src\android\AOSP-openjdk\external\jetbrains\jdk\hotspot\src\share\vm\classfile\systemDictionary.cpp, line 210]
Event: 3.345 Thread 0x0000000059170800 Exception <a 'java/lang/ClassNotFoundException': org/gradle/initialization/InitScriptCustomizer> (0x00000000e010d040) thrown at [C:\src\android\AOSP-openjdk\external\jetbrains\jdk\hotspot\src\share\vm\classfile\systemDictionary.cpp, line 210]
Event: 3.346 Thread 0x0000000059170800 Exception <a 'java/lang/ClassNotFoundException': asLocalRepo496_5eryceoupkz6nwhh50dtwm946Customizer> (0x00000000e011f3b8) thrown at [C:\src\android\AOSP-openjdk\external\jetbrains\jdk\hotspot\src\share\vm\classfile\systemDictionary.cpp, line 210]
Event: 3.354 Thread 0x0000000059170800 Exception <a 'java/lang/ClassNotFoundException': groovy/lang/Closure$1BeanInfo> (0x00000000e01c3578) thrown at [C:\src\android\AOSP-openjdk\external\jetbrains\jdk\hotspot\src\share\vm\classfile\systemDictionary.cpp, line 210]
Event: 3.354 Thread 0x0000000059170800 Exception <a 'java/lang/ClassNotFoundException': groovy/lang/ClosureBeanInfo> (0x00000000e01d7258) thrown at [C:\src\android\AOSP-openjdk\external\jetbrains\jdk\hotspot\src\share\vm\classfile\systemDictionary.cpp, line 210]
Event: 3.355 Thread 0x0000000059170800 Exception <a 'java/lang/ClassNotFoundException': groovy/lang/ClosureCustomizer> (0x00000000e01eb700) thrown at [C:\src\android\AOSP-openjdk\external\jetbrains\jdk\hotspot\src\share\vm\classfile\systemDictionary.cpp, line 210]
Event: 3.357 Thread 0x0000000059170800 Exception <a 'java/lang/ClassNotFoundException': groovy/lang/Closure$1Customizer> (0x00000000e0228a58) thrown at [C:\src\android\AOSP-openjdk\external\jetbrains\jdk\hotspot\src\share\vm\classfile\systemDictionary.cpp, line 210]

Events (10 events):
Event: 3.359 loading class org/codehaus/groovy/runtime/metaclass/ClosureMetaClass
Event: 3.359 loading class org/codehaus/groovy/runtime/metaclass/ClosureMetaClass done
Event: 3.380 loading class org/codehaus/groovy/runtime/metaclass/ClosureMetaClass$1
Event: 3.380 loading class org/codehaus/groovy/runtime/metaclass/ClosureMetaClass$1 done
Event: 3.381 loading class org/codehaus/groovy/runtime/metaclass/ClosureMetaClass$MethodChooser
Event: 3.381 loading class org/codehaus/groovy/runtime/metaclass/ClosureMetaClass$MethodChooser done
Event: 3.382 loading class org/codehaus/groovy/runtime/metaclass/ClosureMetaClass$StandardClosureChooser
Event: 3.382 loading class org/codehaus/groovy/runtime/metaclass/ClosureMetaClass$StandardClosureChooser done
Event: 3.382 loading class org/codehaus/groovy/runtime/ArrayUtil
Event: 3.382 loading class org/codehaus/groovy/runtime/ArrayUtil done


Dynamic libraries:
0x000000013fa00000 - 0x000000013fa31000 	E:\Android\Android Studio\jre\bin\java.exe
0x0000000076f70000 - 0x000000007711a000 	C:\Windows\SYSTEM32\ntdll.dll
0x0000000076d50000 - 0x0000000076e6f000 	C:\Windows\system32\kernel32.dll
0x000007fefcf70000 - 0x000007fefcfda000 	C:\Windows\system32\KERNELBASE.dll
0x000007fefef60000 - 0x000007feff03b000 	C:\Windows\system32\ADVAPI32.dll
0x000007fefd680000 - 0x000007fefd71f000 	C:\Windows\system32\msvcrt.dll
0x000007fefd9d0000 - 0x000007fefd9ef000 	C:\Windows\SYSTEM32\sechost.dll
0x000007fefee30000 - 0x000007fefef5d000 	C:\Windows\system32\RPCRT4.dll
0x0000000076e70000 - 0x0000000076f6a000 	C:\Windows\system32\USER32.dll
0x000007fefdf90000 - 0x000007fefdff7000 	C:\Windows\system32\GDI32.dll
0x000007fefd670000 - 0x000007fefd67e000 	C:\Windows\system32\LPK.dll
0x000007fefd830000 - 0x000007fefd8fa000 	C:\Windows\system32\USP10.dll
0x000007fefb7f0000 - 0x000007fefb9e4000 	C:\Windows\WinSxS\amd64_microsoft.windows.common-controls_6595b64144ccf1df_6.0.7601.18837_none_fa3b1e3d17594757\COMCTL32.dll
0x000007fefd9f0000 - 0x000007fefda61000 	C:\Windows\system32\SHLWAPI.dll
0x000007feff040000 - 0x000007feff06e000 	C:\Windows\system32\IMM32.DLL
0x000007fefd720000 - 0x000007fefd829000 	C:\Windows\system32\MSCTF.dll
0x000000006e940000 - 0x000000006ea12000 	E:\Android\Android Studio\jre\jre\bin\msvcr100.dll
0x000000005e730000 - 0x000000005ef64000 	E:\Android\Android Studio\jre\jre\bin\server\jvm.dll
0x000007fefb430000 - 0x000007fefb439000 	C:\Windows\system32\WSOCK32.dll
0x000007fefd900000 - 0x000007fefd94d000 	C:\Windows\system32\WS2_32.dll
0x000007feff090000 - 0x000007feff098000 	C:\Windows\system32\NSI.dll
0x000007fefa8d0000 - 0x000007fefa90b000 	C:\Windows\system32\WINMM.dll
0x000007fefbe80000 - 0x000007fefbe8c000 	C:\Windows\system32\VERSION.dll
0x0000000077130000 - 0x0000000077137000 	C:\Windows\system32\PSAPI.DLL
0x000007fefb420000 - 0x000007fefb42f000 	E:\Android\Android Studio\jre\jre\bin\verify.dll
0x000007fef8e30000 - 0x000007fef8e59000 	E:\Android\Android Studio\jre\jre\bin\java.dll
0x000007fefb3f0000 - 0x000007fefb406000 	E:\Android\Android Studio\jre\jre\bin\zip.dll
0x000007fefe000000 - 0x000007fefed89000 	C:\Windows\system32\SHELL32.dll
0x000007fefd460000 - 0x000007fefd663000 	C:\Windows\system32\ole32.dll
0x000007fefcdb0000 - 0x000007fefcdbf000 	C:\Windows\system32\profapi.dll
0x000007fefa670000 - 0x000007fefa68a000 	E:\Android\Android Studio\jre\jre\bin\net.dll
0x000007fefc550000 - 0x000007fefc5a5000 	C:\Windows\system32\mswsock.dll
0x000007fefc540000 - 0x000007fefc547000 	C:\Windows\System32\wship6.dll
0x000007fefa610000 - 0x000007fefa621000 	E:\Android\Android Studio\jre\jre\bin\nio.dll
0x000007fef78b0000 - 0x000007fef78c2000 	C:\Users\Administrator\.gradle\native\19\windows-amd64\native-platform.dll
0x000007fefc5b0000 - 0x000007fefc5c8000 	C:\Windows\system32\CRYPTSP.dll
0x000007fefc2b0000 - 0x000007fefc2f7000 	C:\Windows\system32\rsaenh.dll
0x000007fefcf50000 - 0x000007fefcf6e000 	C:\Windows\system32\USERENV.dll
0x000007fefcc10000 - 0x000007fefcc1f000 	C:\Windows\system32\CRYPTBASE.dll
0x000007fefa140000 - 0x000007fefa167000 	C:\Windows\system32\IPHLPAPI.DLL
0x000007fefa090000 - 0x000007fefa09b000 	C:\Windows\system32\WINNSI.DLL
0x000007fef9640000 - 0x000007fef9651000 	C:\Windows\system32\dhcpcsvc6.DLL
0x000007fef9f00000 - 0x000007fef9f18000 	C:\Windows\system32\dhcpcsvc.DLL
0x000007fef8e00000 - 0x000007fef8e0d000 	E:\Android\Android Studio\jre\jre\bin\management.dll
0x000007fef2250000 - 0x000007fef2375000 	C:\Windows\system32\dbghelp.dll

VM Arguments:
jvm_args: -Xmx1536m -Dfile.encoding=GBK -Duser.country=CN -Duser.language=zh -Duser.variant 
java_command: org.gradle.launcher.daemon.bootstrap.GradleDaemon 2.14.1
java_class_path (initial): E:\Android\Android Studio\gradle\gradle-2.14.1\lib\gradle-launcher-2.14.1.jar
Launcher Type: SUN_STANDARD

Environment Variables:
JAVA_HOME=E:\Java\jdk1.8.0_102
CLASSPATH=.;E:\Java\jdk1.8.0_102\lib\dt.jar;E:\Java\jdk1.8.0_102\lib\tools.jar;
PATH=C:\ProgramData\Oracle\Java\javapath;C:\Windows\system32;C:\Windows;C:\Windows\System32\Wbem;C:\Windows\System32\WindowsPowerShell\v1.0\;E:\Java\jdk1.8.0_102\bin;E:\Java\jdk1.8.0_102\jre\bin;C:\Program Files (x86)\Windows Kits\8.1\Windows Performance Toolkit\;D:\Program Files\nodejs\;C:\Users\Administrator\AppData\Roaming\npm
USERNAME=Administrator
OS=Windows_NT
PROCESSOR_IDENTIFIER=Intel64 Family 6 Model 60 Stepping 3, GenuineIntel



---------------  S Y S T E M  ---------------

OS: Windows 7 , 64 bit Build 7601 (6.1.7601.23543)

CPU:total 4 (4 cores per cpu, 1 threads per core) family 6 model 60 stepping 3, cmov, cx8, fxsr, mmx, sse, sse2, sse3, ssse3, sse4.1, sse4.2, popcnt, avx, avx2, aes, clmul, erms, lzcnt, tsc, tscinvbit, bmi1, bmi2

Memory: 4k page, physical 8286484k(3914040k free), swap 16571108k(11441796k free)

vm_info: OpenJDK 64-Bit Server VM (25.76-b03) for windows-amd64 JRE (1.8.0_76-release-b03), built on Jun 29 2016 19:09:20 by "ralucas" with MS VC++ 10.0 (VS2010)

time: Fri Dec 09 10:55:23 2016
elapsed time: 3 seconds (0d 0h 0m 3s)

