#
# A fatal error has been detected by the Java Runtime Environment:
#
#  EXCEPTION_ACCESS_VIOLATION (0xc0000005) at pc=0x0000000058a067f7, pid=4320, tid=0x000000000000204c
#
# JRE version: OpenJDK Runtime Environment (8.0_76-b03) (build 1.8.0_76-release-b03)
# Java VM: OpenJDK 64-Bit Server VM (25.76-b03 mixed mode windows-amd64 compressed oops)
# Problematic frame:
# V  [jvm.dll+0x4667f7]
#
# Failed to write core dump. Minidumps are not enabled by default on client versions of Windows
#
# If you would like to submit a bug report, please visit:
#   http://bugreport.java.com/bugreport/crash.jsp
#

---------------  T H R E A D  ---------------

Current thread (0x000000005731f000):  JavaThread "C2 CompilerThread1" daemon [_thread_in_native, id=8268, stack(0x00000000570d0000,0x00000000571d0000)]

siginfo: ExceptionCode=0xc0000005, reading address 0xffffffffffffffff

Registers:
RAX=0x0000000000000000, RBX=0x00000000571cc160, RCX=0x000000005d514f00, RDX=0x000000005e660b90
RSP=0x00000000571cbfd0, RBP=0x00000000571ce9a0, RSI=0x0000000000000030, RDI=0x0000000000000180
R8 =0x0000000000000068, R9 =0x0000000000000020, R10=0x000000000000000d, R11=0x00000000571cbfe0
R12=0xf000000058d5a418, R13=0x000000005e660b90, R14=0x0000000058d5a418, R15=0x0000000000000000
RIP=0x0000000058a067f7, EFLAGS=0x0000000000010246

Top of Stack: (sp=0x00000000571cbfd0)
0x00000000571cbfd0:   00000000571cc160 0000000058a3c59a
0x00000000571cbfe0:   0000000000000000 0000000058e5d8c0
0x00000000571cbff0:   0000000057363e60 000000005bb46978
0x00000000571cc000:   0000000000000015 0000000058a029dc
0x00000000571cc010:   00000000571cc110 00000000571cc5e0
0x00000000571cc020:   0000000057363fc0 000000000000014a
0x00000000571cc030:   0000000100000000 0000000000000015
0x00000000571cc040:   0000000058e5d8c0 0000022b00000000
0x00000000571cc050:   0000014a00000014 00000000ffffffff
0x00000000571cc060:   0000000005055455 0000000000000000
0x00000000571cc070:   0000000000000000 0000000000000000
0x00000000571cc080:   0000000000000000 000035af00000000
0x00000000571cc090:   0303030300000008 000000005d5154c0
0x00000000571cc0a0:   0000000000000046 000000005d5ed5c0
0x00000000571cc0b0:   0000000000000046 00000000571cc160
0x00000000571cc0c0:   0000000000000001 0000000000000002 

Instructions: (pc=0x0000000058a067f7)
0x0000000058a067d7:   8d e8 07 00 00 48 8b 01 48 89 85 e8 07 00 00 33
0x0000000058a067e7:   c0 48 89 01 48 89 41 08 48 89 41 10 48 89 41 18
0x0000000058a067f7:   41 8b 04 24 89 01 41 8b 44 24 04 89 41 04 41 8b
0x0000000058a06807:   44 24 08 89 41 08 41 8b 44 24 0c 89 41 0c 41 8b 


Register to memory mapping:

RAX=0x0000000000000000 is an unknown value
RBX=0x00000000571cc160 is pointing into the stack for thread: 0x000000005731f000
RCX=0x000000005d514f00 is an unknown value
RDX=0x000000005e660b90 is an unknown value
RSP=0x00000000571cbfd0 is pointing into the stack for thread: 0x000000005731f000
RBP=0x00000000571ce9a0 is pointing into the stack for thread: 0x000000005731f000
RSI=0x0000000000000030 is an unknown value
RDI=0x0000000000000180 is an unknown value
R8 =0x0000000000000068 is an unknown value
R9 =0x0000000000000020 is an unknown value
R10=0x000000000000000d is an unknown value
R11=0x00000000571cbfe0 is pointing into the stack for thread: 0x000000005731f000
R12=0xf000000058d5a418 is an unknown value
R13=0x000000005e660b90 is an unknown value
R14=0x0000000058d5a418 is an unknown value
R15=0x0000000000000000 is an unknown value


Stack: [0x00000000570d0000,0x00000000571d0000],  sp=0x00000000571cbfd0,  free space=1007k
Native frames: (J=compiled Java code, j=interpreted, Vv=VM code, C=native code)
V  [jvm.dll+0x4667f7]
V  [jvm.dll+0x4629dc]
V  [jvm.dll+0x42ecb8]
V  [jvm.dll+0x43931b]
V  [jvm.dll+0x43badf]
V  [jvm.dll+0x41f212]
V  [jvm.dll+0x806e9]
V  [jvm.dll+0x8101f]
V  [jvm.dll+0x21bc14]
V  [jvm.dll+0x26b60a]
C  [msvcr100.dll+0x21d9f]
C  [msvcr100.dll+0x21e3b]
C  [kernel32.dll+0x159cd]
C  [ntdll.dll+0x2a2e1]


Current CompileTask:
C2:   2716 1490       4       java.net.URLClassLoader$1::run (5 bytes)


---------------  P R O C E S S  ---------------

Java Threads: ( => current thread )
  0x0000000059f08000 JavaThread "File lock request listener" [_thread_in_native, id=5724, stack(0x000000005c650000,0x000000005c750000)]
  0x0000000059b09800 JavaThread "Stdin handler" [_thread_blocked, id=8324, stack(0x000000005b050000,0x000000005b150000)]
  0x0000000059b08800 JavaThread "Asynchronous log dispatcher for org.gradle.launcher.daemon.server.DefaultDaemonConnection@49f4c3f3" [_thread_blocked, id=5156, stack(0x000000005ae70000,0x000000005af70000)]
  0x0000000059afa000 JavaThread "Daemon worker" [_thread_in_Java, id=8452, stack(0x000000005aae0000,0x000000005abe0000)]
  0x0000000059ab8000 JavaThread "Cancel handler" [_thread_blocked, id=3548, stack(0x000000005a9a0000,0x000000005aaa0000)]
  0x0000000059aa1000 JavaThread "Handler for socket connection from /127.0.0.1:56049 to /127.0.0.1:56050" [_thread_in_native, id=880, stack(0x000000005a7e0000,0x000000005a8e0000)]
  0x0000000059a9e000 JavaThread "Daemon" [_thread_blocked, id=8668, stack(0x000000005a630000,0x000000005a730000)]
  0x0000000059a65800 JavaThread "pool-1-thread-1" [_thread_blocked, id=8536, stack(0x00000000580a0000,0x00000000581a0000)]
  0x00000000599df000 JavaThread "Incoming local TCP Connector on port 56049" [_thread_in_native, id=9684, stack(0x0000000058290000,0x0000000058390000)]
  0x0000000057397800 JavaThread "Service Thread" daemon [_thread_blocked, id=5276, stack(0x0000000057e00000,0x0000000057f00000)]
  0x0000000057325000 JavaThread "C1 CompilerThread2" daemon [_thread_blocked, id=9936, stack(0x0000000057c60000,0x0000000057d60000)]
=>0x000000005731f000 JavaThread "C2 CompilerThread1" daemon [_thread_in_native, id=8268, stack(0x00000000570d0000,0x00000000571d0000)]
  0x0000000055ecb000 JavaThread "C2 CompilerThread0" daemon [_thread_in_native, id=9792, stack(0x0000000057b10000,0x0000000057c10000)]
  0x000000005730a800 JavaThread "Attach Listener" daemon [_thread_blocked, id=4956, stack(0x0000000057a10000,0x0000000057b10000)]
  0x0000000055ec7800 JavaThread "Signal Dispatcher" daemon [_thread_blocked, id=2576, stack(0x0000000057860000,0x0000000057960000)]
  0x0000000055ea6800 JavaThread "Finalizer" daemon [_thread_blocked, id=9260, stack(0x0000000057200000,0x0000000057300000)]
  0x0000000055e5f800 JavaThread "Reference Handler" daemon [_thread_blocked, id=9188, stack(0x0000000056f90000,0x0000000057090000)]
  0x00000000001fe000 JavaThread "main" [_thread_blocked, id=8664, stack(0x0000000002250000,0x0000000002350000)]

Other Threads:
  0x0000000055e58000 VMThread [stack: 0x0000000056dc0000,0x0000000056ec0000] [id=7576]
  0x000000005735e800 WatcherThread [stack: 0x0000000057f60000,0x0000000058060000] [id=8632]

VM state:not at safepoint (normal execution)

VM Mutex/Monitor currently owned by a thread:  ([mutex/lock_event])
[0x00000000001fb910] SymbolTable_lock - owner thread: 0x0000000000000000

Heap:
 PSYoungGen      total 71680K, used 44279K [0x00000000e0000000, 0x00000000e4b00000, 0x0000000100000000)
  eden space 66560K, 58% used [0x00000000e0000000,0x00000000e2640560,0x00000000e4100000)
  from space 5120K, 99% used [0x00000000e4600000,0x00000000e4afda40,0x00000000e4b00000)
  to   space 5120K, 0% used [0x00000000e4100000,0x00000000e4100000,0x00000000e4600000)
 ParOldGen       total 87552K, used 1535K [0x00000000a0000000, 0x00000000a5580000, 0x00000000e0000000)
  object space 87552K, 1% used [0x00000000a0000000,0x00000000a017feb0,0x00000000a5580000)
 Metaspace       used 19130K, capacity 19488K, committed 19584K, reserved 1067008K
  class space    used 2548K, capacity 2680K, committed 2688K, reserved 1048576K

Card table byte_map: [0x0000000011710000,0x0000000011a20000] byte_map_base: 0x0000000011210000

Marking Bits: (ParMarkBitMap*) 0x0000000058d59d00
 Begin Bits: [0x00000000121d0000, 0x00000000139d0000)
 End Bits:   [0x00000000139d0000, 0x00000000151d0000)

Polling page: 0x0000000000420000

CodeCache: size=245760Kb used=5557Kb max_used=5557Kb free=240202Kb
 bounds [0x0000000002350000, 0x00000000028d0000, 0x0000000011350000]
 total_blobs=2096 nmethods=1709 adapters=300
 compilation: enabled

Compilation events (10 events):
Event: 2.688 Thread 0x0000000057325000 1720       2       org.codehaus.groovy.reflection.CachedMethod$MyComparator::compare (43 bytes)
Event: 2.689 Thread 0x0000000057325000 nmethod 1720 0x00000000028bef50 code [0x00000000028bf120, 0x00000000028bf5c8]
Event: 2.689 Thread 0x0000000057325000 1721       2       org.codehaus.groovy.reflection.CachedMethod::compareToMethod (125 bytes)
Event: 2.689 Thread 0x0000000057325000 nmethod 1721 0x00000000028bf890 code [0x00000000028bfa80, 0x00000000028c0028]
Event: 2.689 Thread 0x0000000057325000 1722       1       groovy.lang.MetaProperty::getType (5 bytes)
Event: 2.689 Thread 0x0000000057325000 nmethod 1722 0x00000000028c0690 code [0x00000000028c07e0, 0x00000000028c08f0]
Event: 2.689 Thread 0x0000000057325000 1724       2       java.lang.reflect.Constructor::copy (72 bytes)
Event: 2.689 Thread 0x0000000057325000 nmethod 1724 0x00000000028c0950 code [0x00000000028c0ac0, 0x00000000028c0db8]
Event: 2.689 Thread 0x0000000057325000 1723       2       org.codehaus.groovy.util.ComplexKeyHashMap$1::next (5 bytes)
Event: 2.690 Thread 0x0000000057325000 nmethod 1723 0x00000000028c0ed0 code [0x00000000028c1040, 0x00000000028c11a8]

GC Heap History (4 events):
Event: 0.505 GC heap before
{Heap before GC invocations=1 (full 0):
 PSYoungGen      total 38400K, used 33280K [0x00000000e0000000, 0x00000000e2a80000, 0x0000000100000000)
  eden space 33280K, 100% used [0x00000000e0000000,0x00000000e2080000,0x00000000e2080000)
  from space 5120K, 0% used [0x00000000e2580000,0x00000000e2580000,0x00000000e2a80000)
  to   space 5120K, 0% used [0x00000000e2080000,0x00000000e2080000,0x00000000e2580000)
 ParOldGen       total 87552K, used 0K [0x00000000a0000000, 0x00000000a5580000, 0x00000000e0000000)
  object space 87552K, 0% used [0x00000000a0000000,0x00000000a0000000,0x00000000a5580000)
 Metaspace       used 6260K, capacity 6522K, committed 6784K, reserved 1056768K
  class space    used 800K, capacity 834K, committed 896K, reserved 1048576K
Event: 0.521 GC heap after
Heap after GC invocations=1 (full 0):
 PSYoungGen      total 38400K, used 4389K [0x00000000e0000000, 0x00000000e4b00000, 0x0000000100000000)
  eden space 33280K, 0% used [0x00000000e0000000,0x00000000e0000000,0x00000000e2080000)
  from space 5120K, 85% used [0x00000000e2080000,0x00000000e24c9580,0x00000000e2580000)
  to   space 5120K, 0% used [0x00000000e4600000,0x00000000e4600000,0x00000000e4b00000)
 ParOldGen       total 87552K, used 8K [0x00000000a0000000, 0x00000000a5580000, 0x00000000e0000000)
  object space 87552K, 0% used [0x00000000a0000000,0x00000000a0002000,0x00000000a5580000)
 Metaspace       used 6260K, capacity 6522K, committed 6784K, reserved 1056768K
  class space    used 800K, capacity 834K, committed 896K, reserved 1048576K
}
Event: 1.672 GC heap before
{Heap before GC invocations=2 (full 0):
 PSYoungGen      total 38400K, used 37669K [0x00000000e0000000, 0x00000000e4b00000, 0x0000000100000000)
  eden space 33280K, 100% used [0x00000000e0000000,0x00000000e2080000,0x00000000e2080000)
  from space 5120K, 85% used [0x00000000e2080000,0x00000000e24c9580,0x00000000e2580000)
  to   space 5120K, 0% used [0x00000000e4600000,0x00000000e4600000,0x00000000e4b00000)
 ParOldGen       total 87552K, used 8K [0x00000000a0000000, 0x00000000a5580000, 0x00000000e0000000)
  object space 87552K, 0% used [0x00000000a0000000,0x00000000a0002000,0x00000000a5580000)
 Metaspace       used 13071K, capacity 13414K, committed 13696K, reserved 1060864K
  class space    used 1747K, capacity 1859K, committed 1920K, reserved 1048576K
Event: 1.678 GC heap after
Heap after GC invocations=2 (full 0):
 PSYoungGen      total 71680K, used 5110K [0x00000000e0000000, 0x00000000e4b00000, 0x0000000100000000)
  eden space 66560K, 0% used [0x00000000e0000000,0x00000000e0000000,0x00000000e4100000)
  from space 5120K, 99% used [0x00000000e4600000,0x00000000e4afda40,0x00000000e4b00000)
  to   space 5120K, 0% used [0x00000000e4100000,0x00000000e4100000,0x00000000e4600000)
 ParOldGen       total 87552K, used 1535K [0x00000000a0000000, 0x00000000a5580000, 0x00000000e0000000)
  object space 87552K, 1% used [0x00000000a0000000,0x00000000a017feb0,0x00000000a5580000)
 Metaspace       used 13071K, capacity 13414K, committed 13696K, reserved 1060864K
  class space    used 1747K, capacity 1859K, committed 1920K, reserved 1048576K
}

Deoptimization events (10 events):
Event: 2.470 Thread 0x0000000059afa000 Uncommon trap: reason=unstable_if action=reinterpret pc=0x000000000257dbc0 method=java.lang.AbstractStringBuilder.append(Ljava/lang/String;)Ljava/lang/AbstractStringBuilder; @ 1
Event: 2.555 Thread 0x0000000059afa000 Uncommon trap: reason=class_check action=maybe_recompile pc=0x000000000250b398 method=java.lang.String.equals(Ljava/lang/Object;)Z @ 8
Event: 2.555 Thread 0x0000000059afa000 Uncommon trap: reason=class_check action=maybe_recompile pc=0x000000000250b398 method=java.lang.String.equals(Ljava/lang/Object;)Z @ 8
Event: 2.561 Thread 0x0000000059afa000 Uncommon trap: reason=class_check action=maybe_recompile pc=0x000000000250b398 method=java.lang.String.equals(Ljava/lang/Object;)Z @ 8
Event: 2.561 Thread 0x0000000059afa000 Uncommon trap: reason=class_check action=maybe_recompile pc=0x000000000250b398 method=java.lang.String.equals(Ljava/lang/Object;)Z @ 8
Event: 2.626 Thread 0x0000000059afa000 Uncommon trap: reason=class_check action=maybe_recompile pc=0x00000000026a36bc method=sun.misc.URLClassPath.getLoader(I)Lsun/misc/URLClassPath$Loader; @ 94
Event: 2.626 Thread 0x0000000059afa000 Uncommon trap: reason=class_check action=maybe_recompile pc=0x00000000025def9c method=sun.misc.URLClassPath.getResource(Ljava/lang/String;Z)Lsun/misc/Resource; @ 62
Event: 2.648 Thread 0x0000000059afa000 Uncommon trap: reason=class_check action=maybe_recompile pc=0x00000000026a37f0 method=sun.misc.URLClassPath.getLoader(I)Lsun/misc/URLClassPath$Loader; @ 193
Event: 2.656 Thread 0x0000000059afa000 Uncommon trap: reason=class_check action=maybe_recompile pc=0x00000000026a37f0 method=sun.misc.URLClassPath.getLoader(I)Lsun/misc/URLClassPath$Loader; @ 193
Event: 2.665 Thread 0x0000000059afa000 Uncommon trap: reason=class_check action=maybe_recompile pc=0x00000000026a37f0 method=sun.misc.URLClassPath.getLoader(I)Lsun/misc/URLClassPath$Loader; @ 193

Internal exceptions (10 events):
Event: 2.649 Thread 0x0000000059afa000 Exception <a 'java/lang/ClassNotFoundException': groovy/lang/ScriptCustomizer> (0x00000000e20d9ba8) thrown at [C:\src\android\AOSP-openjdk\external\jetbrains\jdk\hotspot\src\share\vm\classfile\systemDictionary.cpp, line 210]
Event: 2.650 Thread 0x0000000059afa000 Exception <a 'java/lang/ClassNotFoundException': org/gradle/groovy/scripts/ScriptCustomizer> (0x00000000e20f0800) thrown at [C:\src\android\AOSP-openjdk\external\jetbrains\jdk\hotspot\src\share\vm\classfile\systemDictionary.cpp, line 210]
Event: 2.650 Thread 0x0000000059afa000 Exception <a 'java/lang/ClassNotFoundException': org/gradle/groovy/scripts/BasicScriptCustomizer> (0x00000000e2108210) thrown at [C:\src\android\AOSP-openjdk\external\jetbrains\jdk\hotspot\src\share\vm\classfile\systemDictionary.cpp, line 210]
Event: 2.651 Thread 0x0000000059afa000 Exception <a 'java/lang/ClassNotFoundException': org/gradle/groovy/scripts/DefaultScriptCustomizer> (0x00000000e21225e8) thrown at [C:\src\android\AOSP-openjdk\external\jetbrains\jdk\hotspot\src\share\vm\classfile\systemDictionary.cpp, line 210]
Event: 2.653 Thread 0x0000000059afa000 Exception <a 'java/lang/ClassNotFoundException': org/gradle/initialization/InitScriptCustomizer> (0x00000000e2165d30) thrown at [C:\src\android\AOSP-openjdk\external\jetbrains\jdk\hotspot\src\share\vm\classfile\systemDictionary.cpp, line 210]
Event: 2.656 Thread 0x0000000059afa000 Exception <a 'java/lang/ClassNotFoundException': asLocalRepo276_5wtzy3oefluxt5i8aokhcisyhCustomizer> (0x00000000e2178050) thrown at [C:\src\android\AOSP-openjdk\external\jetbrains\jdk\hotspot\src\share\vm\classfile\systemDictionary.cpp, line 210]
Event: 2.668 Thread 0x0000000059afa000 Exception <a 'java/lang/ClassNotFoundException': groovy/lang/Closure$1BeanInfo> (0x00000000e221c498) thrown at [C:\src\android\AOSP-openjdk\external\jetbrains\jdk\hotspot\src\share\vm\classfile\systemDictionary.cpp, line 210]
Event: 2.668 Thread 0x0000000059afa000 Exception <a 'java/lang/ClassNotFoundException': groovy/lang/ClosureBeanInfo> (0x00000000e2230118) thrown at [C:\src\android\AOSP-openjdk\external\jetbrains\jdk\hotspot\src\share\vm\classfile\systemDictionary.cpp, line 210]
Event: 2.669 Thread 0x0000000059afa000 Exception <a 'java/lang/ClassNotFoundException': groovy/lang/ClosureCustomizer> (0x00000000e22445c0) thrown at [C:\src\android\AOSP-openjdk\external\jetbrains\jdk\hotspot\src\share\vm\classfile\systemDictionary.cpp, line 210]
Event: 2.675 Thread 0x0000000059afa000 Exception <a 'java/lang/ClassNotFoundException': groovy/lang/Closure$1Customizer> (0x00000000e2281a30) thrown at [C:\src\android\AOSP-openjdk\external\jetbrains\jdk\hotspot\src\share\vm\classfile\systemDictionary.cpp, line 210]

Events (10 events):
Event: 2.678 loading class org/codehaus/groovy/runtime/metaclass/ClosureMetaClass
Event: 2.678 loading class org/codehaus/groovy/runtime/metaclass/ClosureMetaClass done
Event: 2.687 loading class org/codehaus/groovy/runtime/metaclass/ClosureMetaClass$1
Event: 2.687 loading class org/codehaus/groovy/runtime/metaclass/ClosureMetaClass$1 done
Event: 2.687 loading class org/codehaus/groovy/runtime/metaclass/ClosureMetaClass$MethodChooser
Event: 2.687 loading class org/codehaus/groovy/runtime/metaclass/ClosureMetaClass$MethodChooser done
Event: 2.689 loading class org/codehaus/groovy/runtime/metaclass/ClosureMetaClass$StandardClosureChooser
Event: 2.689 loading class org/codehaus/groovy/runtime/metaclass/ClosureMetaClass$StandardClosureChooser done
Event: 2.689 loading class org/codehaus/groovy/runtime/ArrayUtil
Event: 2.689 loading class org/codehaus/groovy/runtime/ArrayUtil done


Dynamic libraries:
0x000000013f670000 - 0x000000013f6a1000 	E:\Android\Android Studio\jre\bin\java.exe
0x0000000077580000 - 0x000000007772a000 	C:\Windows\SYSTEM32\ntdll.dll
0x0000000077360000 - 0x000000007747f000 	C:\Windows\system32\kernel32.dll
0x000007fefd390000 - 0x000007fefd3fa000 	C:\Windows\system32\KERNELBASE.dll
0x000007fefeb60000 - 0x000007fefec3b000 	C:\Windows\system32\ADVAPI32.dll
0x000007feff360000 - 0x000007feff3ff000 	C:\Windows\system32\msvcrt.dll
0x000007fefeaf0000 - 0x000007fefeb0f000 	C:\Windows\SYSTEM32\sechost.dll
0x000007fefee50000 - 0x000007fefef7d000 	C:\Windows\system32\RPCRT4.dll
0x0000000077480000 - 0x000000007757a000 	C:\Windows\system32\USER32.dll
0x000007feff2f0000 - 0x000007feff357000 	C:\Windows\system32\GDI32.dll
0x000007feff4d0000 - 0x000007feff4de000 	C:\Windows\system32\LPK.dll
0x000007feff400000 - 0x000007feff4ca000 	C:\Windows\system32\USP10.dll
0x000007fefbcc0000 - 0x000007fefbeb4000 	C:\Windows\WinSxS\amd64_microsoft.windows.common-controls_6595b64144ccf1df_6.0.7601.18837_none_fa3b1e3d17594757\COMCTL32.dll
0x000007fefecd0000 - 0x000007fefed41000 	C:\Windows\system32\SHLWAPI.dll
0x000007feff4e0000 - 0x000007feff50e000 	C:\Windows\system32\IMM32.DLL
0x000007fefe940000 - 0x000007fefea49000 	C:\Windows\system32\MSCTF.dll
0x00000000682e0000 - 0x00000000683b2000 	E:\Android\Android Studio\jre\jre\bin\msvcr100.dll
0x00000000585a0000 - 0x0000000058dd4000 	E:\Android\Android Studio\jre\jre\bin\server\jvm.dll
0x000007fef7d10000 - 0x000007fef7d19000 	C:\Windows\system32\WSOCK32.dll
0x000007fefeb10000 - 0x000007fefeb5d000 	C:\Windows\system32\WS2_32.dll
0x000007fefec40000 - 0x000007fefec48000 	C:\Windows\system32\NSI.dll
0x000007feface0000 - 0x000007fefad1b000 	C:\Windows\system32\WINMM.dll
0x000007fefc350000 - 0x000007fefc35c000 	C:\Windows\system32\VERSION.dll
0x0000000077750000 - 0x0000000077757000 	C:\Windows\system32\PSAPI.DLL
0x000007fef7d00000 - 0x000007fef7d0f000 	E:\Android\Android Studio\jre\jre\bin\verify.dll
0x000007fef7cd0000 - 0x000007fef7cf9000 	E:\Android\Android Studio\jre\jre\bin\java.dll
0x000007fef7cb0000 - 0x000007fef7cc6000 	E:\Android\Android Studio\jre\jre\bin\zip.dll
0x000007fefd9a0000 - 0x000007fefe72a000 	C:\Windows\system32\SHELL32.dll
0x000007fefe730000 - 0x000007fefe933000 	C:\Windows\system32\ole32.dll
0x000007fefd2b0000 - 0x000007fefd2bf000 	C:\Windows\system32\profapi.dll
0x000007fef7c90000 - 0x000007fef7caa000 	E:\Android\Android Studio\jre\jre\bin\net.dll
0x000007fefca20000 - 0x000007fefca75000 	C:\Windows\system32\mswsock.dll
0x000007fefca10000 - 0x000007fefca17000 	C:\Windows\System32\wship6.dll
0x000007fef7c70000 - 0x000007fef7c81000 	E:\Android\Android Studio\jre\jre\bin\nio.dll
0x000007fef5be0000 - 0x000007fef5bf2000 	C:\Users\Administrator\.gradle\native\19\windows-amd64\native-platform.dll
0x000007fefca80000 - 0x000007fefca98000 	C:\Windows\system32\CRYPTSP.dll
0x000007fefc780000 - 0x000007fefc7c7000 	C:\Windows\system32\rsaenh.dll
0x000007fefd400000 - 0x000007fefd41e000 	C:\Windows\system32\USERENV.dll
0x000007fefd110000 - 0x000007fefd11f000 	C:\Windows\system32\CRYPTBASE.dll
0x000007fefa990000 - 0x000007fefa9b7000 	C:\Windows\system32\IPHLPAPI.DLL
0x000007fefa980000 - 0x000007fefa98b000 	C:\Windows\system32\WINNSI.DLL
0x000007fef9790000 - 0x000007fef97a1000 	C:\Windows\system32\dhcpcsvc6.DLL
0x000007fef9c40000 - 0x000007fef9c58000 	C:\Windows\system32\dhcpcsvc.DLL
0x000007fef7bc0000 - 0x000007fef7bcd000 	E:\Android\Android Studio\jre\jre\bin\management.dll
0x000007fef0cd0000 - 0x000007fef0df5000 	C:\Windows\system32\dbghelp.dll

VM Arguments:
jvm_args: -Xmx1536m -Dfile.encoding=GBK -Duser.country=CN -Duser.language=zh -Duser.variant 
java_command: org.gradle.launcher.daemon.bootstrap.GradleDaemon 2.14.1
java_class_path (initial): E:\Android\Android Studio\gradle\gradle-2.14.1\lib\gradle-launcher-2.14.1.jar
Launcher Type: SUN_STANDARD

Environment Variables:
JAVA_HOME=E:\Java\jdk1.8.0_102
CLASSPATH=.;E:\Java\jdk1.8.0_102\lib\dt.jar;E:\Java\jdk1.8.0_102\lib\tools.jar;
PATH=D:\Python35-32\Scripts\;D:\Python35-32\;C:\ProgramData\Oracle\Java\javapath;C:\Windows\system32;C:\Windows;C:\Windows\System32\Wbem;C:\Windows\System32\WindowsPowerShell\v1.0\;E:\Java\jdk1.8.0_102\bin;E:\Java\jdk1.8.0_102\jre\bin;C:\Program Files (x86)\Windows Kits\8.1\Windows Performance Toolkit\;D:\Program Files\nodejs\;D:\Python27;D:\Python27\Scripts;D:\Python35-32;C:\Users\Administrator\AppData\Roaming\npm
USERNAME=Administrator
OS=Windows_NT
PROCESSOR_IDENTIFIER=Intel64 Family 6 Model 60 Stepping 3, GenuineIntel



---------------  S Y S T E M  ---------------

OS: Windows 7 , 64 bit Build 7601 (6.1.7601.23543)

CPU:total 4 (4 cores per cpu, 1 threads per core) family 6 model 60 stepping 3, cmov, cx8, fxsr, mmx, sse, sse2, sse3, ssse3, sse4.1, sse4.2, popcnt, avx, avx2, aes, clmul, erms, lzcnt, tsc, tscinvbit, bmi1, bmi2

Memory: 4k page, physical 8286484k(2305824k free), swap 16571108k(8749664k free)

vm_info: OpenJDK 64-Bit Server VM (25.76-b03) for windows-amd64 JRE (1.8.0_76-release-b03), built on Jun 29 2016 19:09:20 by "ralucas" with MS VC++ 10.0 (VS2010)

time: Thu Feb 16 09:57:12 2017
elapsed time: 2 seconds (0d 0h 0m 2s)

